<?xml version="1.0" encoding="UTF-8"?>
<robot generator="Robot 7.2.2 (Python 3.12.8 on win32)" generated="2025-03-03T18:14:13.716388" rpa="false" schemaversion="5">
<suite id="s1" name="Primeiro Teste" source="C:\Users\rafae\OneDrive\Área de Trabalho\Curso-Robot\primeiro_teste.robot">
<test id="s1-t1" name="Abrir navegador e acessar o site do organo" line="5">
<kw name="Open Browser" owner="SeleniumLibrary">
<msg time="2025-03-03T18:14:14.508437" level="INFO">Opening browser 'Chrome' to base url 'http://localhost:3000/'.</msg>
<msg time="2025-03-03T18:14:19.362383" level="WARN">There was an error managing chromedriver (Acesso negado. (os error 5)); using driver found in the cache</msg>
<msg time="2025-03-03T18:14:24.661771" level="INFO">Cannot capture screenshot because no browser is open.</msg>
<msg time="2025-03-03T18:14:24.661771" level="FAIL">SessionNotCreatedException: Message: session not created: This version of ChromeDriver only supports Chrome version 127
Current browser version is 133.0.6943.142 with binary path C:\Program Files\Google\Chrome\Application\chrome.exe
Stacktrace:
	GetHandleVerifier [0x00007FF68D299632+30946]
	(No symbol) [0x00007FF68D24E3C9]
	(No symbol) [0x00007FF68D146FDA]
	(No symbol) [0x00007FF68D187341]
	(No symbol) [0x00007FF68D186598]
	(No symbol) [0x00007FF68D18148D]
	(No symbol) [0x00007FF68D17C4FA]
	(No symbol) [0x00007FF68D1C78B9]
	(No symbol) [0x00007FF68D1C6F20]
	(No symbol) [0x00007FF68D1BC813]
	(No symbol) [0x00007FF68D18A6E5]
	(No symbol) [0x00007FF68D18B021]
	GetHandleVerifier [0x00007FF68D3CF83D+1301229]
	GetHandleVerifier [0x00007FF68D3DBDB7+1351783]
	GetHandleVerifier [0x00007FF68D3D2A03+1313971]
	GetHandleVerifier [0x00007FF68D2CDD06+245686]
	(No symbol) [0x00007FF68D25758F]
	(No symbol) [0x00007FF68D253804]
	(No symbol) [0x00007FF68D253992]
	(No symbol) [0x00007FF68D24A3EF]
	BaseThreadInitThunk [0x00007FFE2306E8D7+23]
	RtlUserThreadStart [0x00007FFE23C3BF2C+44]
</msg>
<arg>url=http://localhost:3000/</arg>
<arg>browser=Chrome</arg>
<doc>Opens a new browser instance to the optional ``url``.</doc>
<status status="FAIL" start="2025-03-03T18:14:14.507437" elapsed="10.160155">SessionNotCreatedException: Message: session not created: This version of ChromeDriver only supports Chrome version 127
Current browser version is 133.0.6943.142 with binary path C:\Program Files\Google\Chrome\Application\chrome.exe
Stacktrace:
	GetHandleVerifier [0x00007FF68D299632+30946]
	(No symbol) [0x00007FF68D24E3C9]
	(No symbol) [0x00007FF68D146FDA]
	(No symbol) [0x00007FF68D187341]
	(No symbol) [0x00007FF68D186598]
	(No symbol) [0x00007FF68D18148D]
	(No symbol) [0x00007FF68D17C4FA]
	(No symbol) [0x00007FF68D1C78B9]
	(No symbol) [0x00007FF68D1C6F20]
	(No symbol) [0x00007FF68D1BC813]
	(No symbol) [0x00007FF68D18A6E5]
	(No symbol) [0x00007FF68D18B021]
	GetHandleVerifier [0x00007FF68D3CF83D+1301229]
	GetHandleVerifier [0x00007FF68D3DBDB7+1351783]
	GetHandleVerifier [0x00007FF68D3D2A03+1313971]
	GetHandleVerifier [0x00007FF68D2CDD06+245686]
	(No symbol) [0x00007FF68D25758F]
	(No symbol) [0x00007FF68D253804]
	(No symbol) [0x00007FF68D253992]
	(No symbol) [0x00007FF68D24A3EF]
	BaseThreadInitThunk [0x00007FFE2306E8D7+23]
	RtlUserThreadStart [0x00007FFE23C3BF2C+44]
</status>
</kw>
<status status="FAIL" start="2025-03-03T18:14:14.505356" elapsed="10.163241">SessionNotCreatedException: Message: session not created: This version of ChromeDriver only supports Chrome version 127
Current browser version is 133.0.6943.142 with binary path C:\Program Files\Google\Chrome\Application\chrome.exe
Stacktrace:
	GetHandleVerifier [0x00007FF68D299632+30946]
	(No symbol) [0x00007FF68D24E3C9]
	(No symbol) [0x00007FF68D146FDA]
	(No symbol) [0x00007FF68D187341]
	(No symbol) [0x00007FF68D186598]
	(No symbol) [0x00007FF68D18148D]
	(No symbol) [0x00007FF68D17C4FA]
	(No symbol) [0x00007FF68D1C78B9]
	(No symbol) [0x00007FF68D1C6F20]
	(No symbol) [0x00007FF68D1BC813]
	(No symbol) [0x00007FF68D18A6E5]
	(No symbol) [0x00007FF68D18B021]
	GetHandleVerifier [0x00007FF68D3CF83D+1301229]
	GetHandleVerifier [0x00007FF68D3DBDB7+1351783]
	GetHandleVerifier [0x00007FF68D3D2A03+1313971]
	GetHandleVerifier [0x00007FF68D2CDD06+245686]
	(No symbol) [0x00007FF68D25758F]
	(No symbol) [0x00007FF68D253804]
	(No symbol) [0x00007FF68D253992]
	(No symbol) [0x00007FF68D24A3EF]
	BaseThreadInitThunk [0x00007FFE2306E8D7+23]
	RtlUserThreadStart [0x00007FFE23C3BF2C+44]
</status>
</test>
<test id="s1-t2" name="Preencher os campos do formulário" line="8">
<kw name="Input Text" owner="SeleniumLibrary">
<msg time="2025-03-03T18:14:24.672038" level="INFO">Typing text 'Akemi' into text field 'id:form-nome'.</msg>
<msg time="2025-03-03T18:14:24.672038" level="INFO">Cannot capture screenshot because no browser is open.</msg>
<msg time="2025-03-03T18:14:24.672038" level="FAIL">No browser is open.</msg>
<arg>id:form-nome</arg>
<arg>Akemi</arg>
<doc>Types the given ``text`` into the text field identified by ``locator``.</doc>
<status status="FAIL" start="2025-03-03T18:14:24.670941" elapsed="0.003344">No browser is open.</status>
</kw>
<kw name="Input Text" owner="SeleniumLibrary">
<arg>id:form-cargo</arg>
<arg>Desenvolvedora</arg>
<doc>Types the given ``text`` into the text field identified by ``locator``.</doc>
<status status="NOT RUN" start="2025-03-03T18:14:24.674285" elapsed="0.000000"/>
</kw>
<kw name="Input Text" owner="SeleniumLibrary">
<arg>id:form-imagem</arg>
<arg>https://picsum.photos/200/300</arg>
<doc>Types the given ``text`` into the text field identified by ``locator``.</doc>
<status status="NOT RUN" start="2025-03-03T18:14:24.674285" elapsed="0.000000"/>
</kw>
<kw name="Click Element" owner="SeleniumLibrary">
<arg>class:lista-suspensa</arg>
<doc>Click the element identified by ``locator``.</doc>
<status status="NOT RUN" start="2025-03-03T18:14:24.675423" elapsed="0.000000"/>
</kw>
<kw name="Click Element" owner="SeleniumLibrary">
<arg>//option[contains(.,'Programação')]</arg>
<doc>Click the element identified by ``locator``.</doc>
<status status="NOT RUN" start="2025-03-03T18:14:24.675423" elapsed="0.000000"/>
</kw>
<kw name="Sleep" owner="BuiltIn">
<arg>10s</arg>
<doc>Pauses the test executed for the given time.</doc>
<status status="NOT RUN" start="2025-03-03T18:14:24.675423" elapsed="0.000000"/>
</kw>
<kw name="Click Element" owner="SeleniumLibrary">
<arg>id:form-botao</arg>
<doc>Click the element identified by ``locator``.</doc>
<status status="NOT RUN" start="2025-03-03T18:14:24.676546" elapsed="0.000000"/>
</kw>
<kw name="Element Should Be Visible" owner="SeleniumLibrary">
<arg>class:colaborador</arg>
<doc>Verifies that the element identified by ``locator`` is visible.</doc>
<status status="NOT RUN" start="2025-03-03T18:14:24.676546" elapsed="0.000000"/>
</kw>
<kw name="Sleep" owner="BuiltIn">
<arg>5s</arg>
<doc>Pauses the test executed for the given time.</doc>
<status status="NOT RUN" start="2025-03-03T18:14:24.676546" elapsed="0.000000"/>
</kw>
<status status="FAIL" start="2025-03-03T18:14:24.670941" elapsed="0.006598">No browser is open.</status>
</test>
<status status="FAIL" start="2025-03-03T18:14:13.736596" elapsed="10.942265"/>
</suite>
<statistics>
<total>
<stat pass="0" fail="2" skip="0">All Tests</stat>
</total>
<tag>
</tag>
<suite>
<stat name="Primeiro Teste" id="s1" pass="0" fail="2" skip="0">Primeiro Teste</stat>
</suite>
</statistics>
<errors>
<msg time="2025-03-03T18:14:19.362383" level="WARN">There was an error managing chromedriver (Acesso negado. (os error 5)); using driver found in the cache</msg>
</errors>
</robot>
